<?xml version="1.0" encoding="UTF-8"?>
<!-- Generated by org.testng.reporters.JUnitReportReporter -->
<testsuite skipped="0" hostname="Deepak-Singh-LP" name="in.amazon.demo.DemoAmazonPOM" tests="1" failures="0" timestamp="2022-02-14T17:55:59 IST" time="8.775" errors="0">
  <testcase name="searchProduct" time="8.775" classname="in.amazon.demo.DemoAmazonPOM"/>
  <system-out/>
</testsuite> <!-- in.amazon.demo.DemoAmazonPOM -->
