<?xml version="1.0" encoding="UTF-8"?>
<!-- Generated by org.testng.reporters.JUnitReportReporter -->
<testsuite skipped="0" hostname="Deepak-Singh-LP" name="in.amazon.demo.CommonDriverTest" tests="1" failures="0" timestamp="2022-02-10T16:00:33 IST" time="7.382" errors="0">
  <testcase name="verifyCommonDriver" time="7.382" classname="in.amazon.demo.CommonDriverTest"/>
  <system-out/>
</testsuite> <!-- in.amazon.demo.CommonDriverTest -->
